\BOOKMARK [1][-]{section*.1}{\376\377\000A\000b\000s\000t\000r\000a\000c\000t}{}% 1
\BOOKMARK [1][-]{section.1}{\376\377\0001\000\040\000I\000n\000t\000r\000o\000d\000u\000c\000t\000i\000o\000n}{}% 2
\BOOKMARK [1][-]{section.2}{\376\377\0002\000\040\000T\000w\000i\000t\000t\000e\000r\000\040\000D\000a\000t\000a}{}% 3
\BOOKMARK [2][-]{subsection.2.1}{\376\377\0002\000.\0001\000\040\000E\000x\000p\000l\000o\000r\000a\000t\000i\000o\000n}{section.2}% 4
\BOOKMARK [2][-]{subsection.2.2}{\376\377\0002\000.\0002\000\040\000R\000e\000q\000u\000i\000r\000e\000m\000e\000n\000t\000s}{section.2}% 5
\BOOKMARK [2][-]{subsection.2.3}{\376\377\0002\000.\0003\000\040\000D\000a\000t\000a\000\040\000P\000r\000e\000p\000a\000r\000a\000t\000i\000o\000n}{section.2}% 6
\BOOKMARK [2][-]{subsection.2.4}{\376\377\0002\000.\0004\000\040\000L\000a\000b\000e\000l\000s}{section.2}% 7
\BOOKMARK [1][-]{section.3}{\376\377\0003\000\040\000E\000x\000p\000e\000r\000i\000m\000e\000n\000t}{}% 8
\BOOKMARK [2][-]{subsection.3.1}{\376\377\0003\000.\0001\000\040\000H\000y\000p\000e\000r\000-\000p\000a\000r\000a\000m\000e\000t\000e\000r\000s}{section.3}% 9
\BOOKMARK [1][-]{section.4}{\376\377\0004\000\040\000R\000e\000s\000u\000l\000t\000s}{}% 10
\BOOKMARK [2][-]{subsection.4.1}{\376\377\0004\000.\0001\000\040\000L\000o\000u\000v\000a\000i\000n\000\040\000M\000o\000d\000u\000l\000a\000r\000i\000t\000y}{section.4}% 11
\BOOKMARK [1][-]{section.5}{\376\377\0005\000\040\000C\000o\000m\000p\000a\000r\000i\000s\000o\000n}{}% 12
\BOOKMARK [1][-]{section.6}{\376\377\0006\000\040\000G\000r\000a\000p\000h\000\040\000V\000i\000s\000u\000a\000l\000i\000z\000a\000t\000i\000o\000n\000s}{}% 13
\BOOKMARK [1][-]{section.7}{\376\377\0007\000\040\000C\000r\000i\000t\000i\000q\000u\000e}{}% 14
\BOOKMARK [1][-]{section.8}{\376\377\0008\000\040\000A\000l\000g\000o\000r\000i\000t\000h\000m}{}% 15
\BOOKMARK [1][-]{section.9}{\376\377\0009\000\040\000C\000o\000n\000c\000l\000u\000s\000i\000o\000n}{}% 16
\BOOKMARK [1][-]{section*.4}{\376\377\000R\000e\000f\000e\000r\000e\000n\000c\000e\000s}{}% 17
\BOOKMARK [1][-]{section*.6}{\376\377\000A\000c\000k\000n\000o\000w\000l\000e\000d\000g\000m\000e\000n\000t\000s}{}% 18
\BOOKMARK [1][-]{appendix.A}{\376\377\000A\000\040\000C\000o\000d\000e}{}% 19
\BOOKMARK [2][-]{subsection.A.1}{\376\377\000A\000.\0001\000\040\000G\000e\000n\000e\000r\000a\000t\000e\000\040\000g\000r\000a\000p\000h}{appendix.A}% 20
\BOOKMARK [2][-]{subsection.A.2}{\376\377\000A\000.\0002\000\040\000G\000e\000n\000e\000r\000a\000t\000e\000\040\000L\000a\000b\000e\000l\000s}{appendix.A}% 21
\BOOKMARK [2][-]{subsection.A.3}{\376\377\000A\000.\0003\000\040\000R\000e\000a\000d\000\040\000C\000S\000V\000s}{appendix.A}% 22
